{"name": "При создании заказа счетчик \"За сегодня\" увлеичивается", "status": "failed", "statusDetails": {"message": "AssertionError: assert 463 != 463", "trace": "self = <test_feed_page.TestFeedPage object at 0x73ad618692a0>\ndriver = <selenium.webdriver.chrome.webdriver.WebDriver (session=\"3a292e0dba03f38d9ead9f127ed6f31f\")>\n\n>   ???\nE   assert 463 != 463\n\nD:\\Work\\Sprint_7\\tests\\test_feed_page.py:52: AssertionError"}, "steps": [{"name": "Клик на \"Лента заказов\"", "status": "passed", "start": 1728421146554, "stop": 1728421146932}, {"name": "Получение количества за сегодня", "status": "passed", "start": 1728421146933, "stop": 1728421149387}, {"name": "Авторизация", "status": "passed", "start": 1728421149387, "stop": 1728421149883}, {"name": "Авторизация пользователя", "status": "passed", "start": 1728421149883, "stop": 1728421150608}, {"name": "Добавление ингредиента в заказ", "status": "passed", "start": 1728421150608, "stop": 1728421151856}, {"name": "Оформление заказа", "status": "passed", "start": 1728421151857, "stop": 1728421152126}, {"name": "Закрытие попапа с заказом", "status": "passed", "start": 1728421152126, "stop": 1728421157000}, {"name": "Клик на \"Лента заказов\"", "status": "passed", "start": 1728421157000, "stop": 1728421157380}, {"name": "Получение количества за сегодня", "status": "passed", "start": 1728421157381, "stop": 1728421158079}], "start": 1728421146554, "stop": 1728421158079, "uuid": "d49dcfb1-7eb2-4945-ae41-42cbac987454", "historyId": "9eb91751f218a2be02a0e0981b537328", "testCaseId": "9eb91751f218a2be02a0e0981b537328", "fullName": "tests.test_feed_page.TestFeedPage#test_count_today", "labels": [{"name": "parentSuite", "value": "tests"}, {"name": "suite", "value": "test_feed_page"}, {"name": "subSuite", "value": "TestFeedPage"}, {"name": "host", "value": "test-virtual-machine"}, {"name": "thread", "value": "38307-MainThread"}, {"name": "framework", "value": "pytest"}, {"name": "language", "value": "cpython3"}, {"name": "package", "value": "tests.test_feed_page"}]}